<?xml version="1.0" encoding="UTF-8"?>
<!-- Generated by org.testng.reporters.JUnitXMLReporter -->
<testsuite ignored="6" hostname="DESKTOP-988KIC6" failures="1" tests="1" name="Default test(failed)" time="0.223" errors="0" timestamp="2023-01-09T17:18:25 IST">
  <testcase classname="com.org.tests.LoginTest" name="TC005_SelectElectronicsItems" time="0.198">
    <failure type="org.openqa.selenium.NoSuchElementException" message="no such element: Unable to locate element: {&amp;quot;method&amp;quot;:&amp;quot;xpath&amp;quot;,&amp;quot;selector&amp;quot;:&amp;quot;//a[text()=&amp;quot;Remote Control&amp;quot;]&amp;quot;}
  (Session info: chrome=108.0.5359.125)
For documentation on this error, please visit: https://selenium.dev/exceptions/#no_such_element
Build info: version: &amp;apos;4.7.0&amp;apos;, revision: &amp;apos;0a5b49d16f&amp;apos;
System info: os.name: &amp;apos;Windows 10&amp;apos;, os.arch: &amp;apos;amd64&amp;apos;, os.version: &amp;apos;10.0&amp;apos;, java.version: &amp;apos;17.0.5&amp;apos;
Driver info: org.openqa.selenium.chrome.ChromeDriver
Command: [9d35b4f62b42f03f4afd89b05c186b6a, findElement {using=xpath, value=//a[text()=&amp;quot;Remote Control&amp;quot;]}]
Capabilities {acceptInsecureCerts: false, browserName: chrome, browserVersion: 108.0.5359.125, chrome: {chromedriverVersion: 108.0.5359.71 (1e0e3868ee06..., userDataDir: C:\Users\INDERJ~1\AppData\L...}, goog:chromeOptions: {debuggerAddress: localhost:55976}, networkConnectionEnabled: false, pageLoadStrategy: normal, platformName: WINDOWS, proxy: Proxy(), se:cdp: ws://localhost:55976/devtoo..., se:cdpVersion: 108.0.5359.125, setWindowRect: true, strictFileInteractability: false, timeouts: {implicit: 0, pageLoad: 300000, script: 30000}, unhandledPromptBehavior: dismiss and notify, webauthn:extension:credBlob: true, webauthn:extension:largeBlob: true, webauthn:virtualAuthenticators: true}
Session ID: 9d35b4f62b42f03f4afd89b05c186b6a">
      <![CDATA[org.openqa.selenium.NoSuchElementException: no such element: Unable to locate element: {"method":"xpath","selector":"//a[text()="Remote Control"]"}
  (Session info: chrome=108.0.5359.125)
For documentation on this error, please visit: https://selenium.dev/exceptions/#no_such_element
Build info: version: '4.7.0', revision: '0a5b49d16f'
System info: os.name: 'Windows 10', os.arch: 'amd64', os.version: '10.0', java.version: '17.0.5'
Driver info: org.openqa.selenium.chrome.ChromeDriver
Command: [9d35b4f62b42f03f4afd89b05c186b6a, findElement {using=xpath, value=//a[text()="Remote Control"]}]
Capabilities {acceptInsecureCerts: false, browserName: chrome, browserVersion: 108.0.5359.125, chrome: {chromedriverVersion: 108.0.5359.71 (1e0e3868ee06..., userDataDir: C:\Users\INDERJ~1\AppData\L...}, goog:chromeOptions: {debuggerAddress: localhost:55976}, networkConnectionEnabled: false, pageLoadStrategy: normal, platformName: WINDOWS, proxy: Proxy(), se:cdp: ws://localhost:55976/devtoo..., se:cdpVersion: 108.0.5359.125, setWindowRect: true, strictFileInteractability: false, timeouts: {implicit: 0, pageLoad: 300000, script: 30000}, unhandledPromptBehavior: dismiss and notify, webauthn:extension:credBlob: true, webauthn:extension:largeBlob: true, webauthn:virtualAuthenticators: true}
Session ID: 9d35b4f62b42f03f4afd89b05c186b6a
at org.openqa.selenium.remote.codec.w3c.W3CHttpResponseCodec.createException(W3CHttpResponseCodec.java:200)
at org.openqa.selenium.remote.codec.w3c.W3CHttpResponseCodec.decode(W3CHttpResponseCodec.java:133)
at org.openqa.selenium.remote.codec.w3c.W3CHttpResponseCodec.decode(W3CHttpResponseCodec.java:53)
at org.openqa.selenium.remote.HttpCommandExecutor.execute(HttpCommandExecutor.java:184)
at org.openqa.selenium.remote.service.DriverCommandExecutor.invokeExecute(DriverCommandExecutor.java:167)
at org.openqa.selenium.remote.service.DriverCommandExecutor.execute(DriverCommandExecutor.java:142)
at org.openqa.selenium.remote.RemoteWebDriver.execute(RemoteWebDriver.java:541)
at org.openqa.selenium.remote.ElementLocation$ElementFinder$2.findElement(ElementLocation.java:162)
at org.openqa.selenium.remote.ElementLocation.findElement(ElementLocation.java:60)
at org.openqa.selenium.remote.RemoteWebDriver.findElement(RemoteWebDriver.java:365)
at org.openqa.selenium.remote.RemoteWebDriver.findElement(RemoteWebDriver.java:357)
at com.org.pages.LoginPage.clickOnDobleDropDown(LoginPage.java:61)
at com.org.tests.LoginTest.TC005_SelectElectronicsItems(LoginTest.java:182)
at java.base/java.util.ArrayList.forEach(ArrayList.java:1511)
at com.org.base.testNGAutoRunner.main(testNGAutoRunner.java:21)
... Removed 29 stack frames]]>
    </failure>
  </testcase> <!-- TC005_SelectElectronicsItems -->
  <testcase classname="com.org.tests.LoginTest" name="TC002_loginClose" time="0.0">
    <ignored/>
  </testcase> <!-- TC002_loginClose -->
  <testcase classname="com.org.tests.LoginTest" name="TC007_readValueFromExcel" time="0.0">
    <ignored/>
  </testcase> <!-- TC007_readValueFromExcel -->
  <testcase classname="com.org.tests.LoginTest" name="TC004_brokenImages" time="0.0">
    <ignored/>
  </testcase> <!-- TC004_brokenImages -->
  <testcase classname="com.org.tests.LoginTest" name="TC001_SendUserName" time="0.0">
    <ignored/>
  </testcase> <!-- TC001_SendUserName -->
  <testcase classname="com.org.tests.LoginTest" name="TC006_ClickAll" time="0.0">
    <ignored/>
  </testcase> <!-- TC006_ClickAll -->
  <testcase classname="com.org.tests.LoginTest" name="TC003_findAllLinks" time="0.0">
    <ignored/>
  </testcase> <!-- TC003_findAllLinks -->
</testsuite> <!-- Default test(failed) -->
