<?xml version="1.0" encoding="UTF-8"?>
<!-- Generated by org.testng.reporters.JUnitXMLReporter -->
<testsuite ignored="4" hostname="DESKTOP-988KIC6" failures="0" tests="3" name="Flipart.website.com" time="0.046" errors="0" timestamp="2023-01-18T23:31:31 IST">
  <testcase classname="com.org.base.BaseTest" name="@BeforeSuite BrowserLaunch" time="0.057">
    <failure type="java.lang.IllegalStateException" message="The path to the driver executable must be set by the webdriver.chrome.driver system property; for more information, see https://github.com/SeleniumHQ/selenium/wiki/ChromeDriver. The latest version can be downloaded from http://chromedriver.storage.googleapis.com/index.html">
      <![CDATA[java.lang.IllegalStateException: The path to the driver executable must be set by the webdriver.chrome.driver system property; for more information, see https://github.com/SeleniumHQ/selenium/wiki/ChromeDriver. The latest version can be downloaded from http://chromedriver.storage.googleapis.com/index.html
at com.google.common.base.Preconditions.checkState(Preconditions.java:754)
at org.openqa.selenium.remote.service.DriverService.findExecutable(DriverService.java:124)
at org.openqa.selenium.chrome.ChromeDriverService.access$000(ChromeDriverService.java:32)
at org.openqa.selenium.chrome.ChromeDriverService$Builder.findDefaultExecutable(ChromeDriverService.java:137)
at org.openqa.selenium.remote.service.DriverService$Builder.build(DriverService.java:329)
at org.openqa.selenium.chrome.ChromeDriverService.createDefaultService(ChromeDriverService.java:88)
at org.openqa.selenium.chrome.ChromeDriver.<init>(ChromeDriver.java:123)
at com.org.base.BaseTest.BrowserLaunch(BaseTest.java:43)
... Removed 19 stack frames]]>
    </failure>
  </testcase> <!-- @BeforeSuite BrowserLaunch -->
  <testcase classname="com.org.base.BaseTest" name="@BeforeSuite setUpReport" time="0.0">
    <skipped/>
  </testcase> <!-- @BeforeSuite setUpReport -->
  <testcase classname="com.org.tests.LoginTest" name="TC003_findAllLinks" time="0.0">
    <skipped/>
  </testcase> <!-- TC003_findAllLinks -->
  <testcase classname="com.org.tests.LoginTest" name="TC002_loginClose" time="0.0">
    <skipped/>
  </testcase> <!-- TC002_loginClose -->
  <testcase classname="com.org.tests.LoginTest" name="TC005_SelectElectronicsItems" time="0.0">
    <skipped/>
  </testcase> <!-- TC005_SelectElectronicsItems -->
  <testcase classname="com.org.tests.LoginTest" name="TC007_readValueFromExcel" time="0.0">
    <ignored/>
  </testcase> <!-- TC007_readValueFromExcel -->
  <testcase classname="com.org.tests.LoginTest" name="TC001_SendUserName" time="0.0">
    <ignored/>
  </testcase> <!-- TC001_SendUserName -->
  <testcase classname="com.org.tests.LoginTest" name="TC006_ClickAll" time="0.0">
    <ignored/>
  </testcase> <!-- TC006_ClickAll -->
  <testcase classname="com.org.tests.LoginTest" name="TC004_brokenImages" time="0.0">
    <ignored/>
  </testcase> <!-- TC004_brokenImages -->
</testsuite> <!-- Flipart.website.com -->
